# JRE version: OpenJDK Runtime Environment (11.0.10) (build 11.0.10+0-b96-7249189)
# Java VM: OpenJDK 64-Bit Server VM (11.0.10+0-b96-7249189, mixed mode, tiered, compressed oops, g1 gc, windows-amd64)
Heap:
 garbage-first heap   total 260096K, used 119964K [0x0000000080000000, 0x0000000100000000)
  region size 1024K, 35 young (35840K), 5 survivors (5120K)
 Metaspace       used 112033K, capacity 115226K, committed 115576K, reserved 1148928K
  class space    used 14512K, capacity 15702K, committed 15820K, reserved 1048576K
GC Heap History (20 events):
Event: 9.299 GC heap before
{Heap before GC invocations=8 (full 0):
 garbage-first heap   total 260096K, used 59189K [0x0000000080000000, 0x0000000100000000)
  region size 1024K, 34 young (34816K), 18 survivors (18432K)
 Metaspace       used 58643K, capacity 60162K, committed 60236K, reserved 1101824K
  class space    used 7442K, capacity 7994K, committed 8012K, reserved 1048576K
}
Event: 9.317 GC heap after
{Heap after GC invocations=9 (full 0):
 garbage-first heap   total 260096K, used 46646K [0x0000000080000000, 0x0000000100000000)
  region size 1024K, 3 young (3072K), 3 survivors (3072K)
 Metaspace       used 58643K, capacity 60162K, committed 60236K, reserved 1101824K
  class space    used 7442K, capacity 7994K, committed 8012K, reserved 1048576K
}
Event: 10.418 GC heap before
{Heap before GC invocations=10 (full 0):
 garbage-first heap   total 260096K, used 140854K [0x0000000080000000, 0x0000000100000000)
  region size 1024K, 95 young (97280K), 3 survivors (3072K)
 Metaspace       used 64831K, capacity 66497K, committed 66764K, reserved 1107968K
  class space    used 8263K, capacity 8831K, committed 8908K, reserved 1048576K
}
Event: 10.432 GC heap after
{Heap after GC invocations=11 (full 0):
 garbage-first heap   total 260096K, used 53533K [0x0000000080000000, 0x0000000100000000)
  region size 1024K, 10 young (10240K), 10 survivors (10240K)
 Metaspace       used 64831K, capacity 66497K, committed 66764K, reserved 1107968K
  class space    used 8263K, capacity 8831K, committed 8908K, reserved 1048576K
}
Event: 12.046 GC heap before
{Heap before GC invocations=12 (full 0):
 garbage-first heap   total 260096K, used 152861K [0x0000000080000000, 0x0000000100000000)
  region size 1024K, 107 young (109568K), 10 survivors (10240K)
 Metaspace       used 73816K, capacity 75632K, committed 75852K, reserved 1114112K
  class space    used 9614K, capacity 10286K, committed 10316K, reserved 1048576K
}
Event: 12.057 GC heap after
{Heap after GC invocations=13 (full 0):
 garbage-first heap   total 260096K, used 61178K [0x0000000080000000, 0x0000000100000000)
  region size 1024K, 8 young (8192K), 8 survivors (8192K)
 Metaspace       used 73816K, capacity 75632K, committed 75852K, reserved 1114112K
  class space    used 9614K, capacity 10286K, committed 10316K, reserved 1048576K
}
Event: 13.556 GC heap before
{Heap before GC invocations=13 (full 0):
 garbage-first heap   total 260096K, used 162554K [0x0000000080000000, 0x0000000100000000)
  region size 1024K, 108 young (110592K), 8 survivors (8192K)
 Metaspace       used 80752K, capacity 82768K, committed 82892K, reserved 1120256K
  class space    used 10604K, capacity 11366K, committed 11468K, reserved 1048576K
}
Event: 13.568 GC heap after
{Heap after GC invocations=14 (full 0):
 garbage-first heap   total 260096K, used 69109K [0x0000000080000000, 0x0000000100000000)
  region size 1024K, 8 young (8192K), 8 survivors (8192K)
 Metaspace       used 80752K, capacity 82768K, committed 82892K, reserved 1120256K
  class space    used 10604K, capacity 11366K, committed 11468K, reserved 1048576K
}
Event: 14.805 GC heap before
{Heap before GC invocations=14 (full 0):
 garbage-first heap   total 260096K, used 172533K [0x0000000080000000, 0x0000000100000000)
  region size 1024K, 110 young (112640K), 8 survivors (8192K)
 Metaspace       used 84623K, capacity 86854K, committed 86988K, reserved 1124352K
  class space    used 11011K, capacity 11846K, committed 11980K, reserved 1048576K
}
Event: 14.816 GC heap after
{Heap after GC invocations=15 (full 0):
 garbage-first heap   total 260096K, used 75961K [0x0000000080000000, 0x0000000100000000)
  region size 1024K, 14 young (14336K), 14 survivors (14336K)
 Metaspace       used 84623K, capacity 86854K, committed 86988K, reserved 1124352K
  class space    used 11011K, capacity 11846K, committed 11980K, reserved 1048576K
}
Event: 16.929 GC heap before
{Heap before GC invocations=15 (full 0):
 garbage-first heap   total 260096K, used 182457K [0x0000000080000000, 0x0000000100000000)
  region size 1024K, 117 young (119808K), 14 survivors (14336K)
 Metaspace       used 93113K, capacity 95498K, committed 95564K, reserved 1132544K
  class space    used 11916K, capacity 12820K, committed 12876K, reserved 1048576K
}
Event: 16.943 GC heap after
{Heap after GC invocations=16 (full 0):
 garbage-first heap   total 260096K, used 80862K [0x0000000080000000, 0x0000000100000000)
  region size 1024K, 10 young (10240K), 10 survivors (10240K)
 Metaspace       used 93113K, capacity 95498K, committed 95564K, reserved 1132544K
  class space    used 11916K, capacity 12820K, committed 12876K, reserved 1048576K
}
Event: 17.955 GC heap before
{Heap before GC invocations=16 (full 0):
 garbage-first heap   total 260096K, used 188382K [0x0000000080000000, 0x0000000100000000)
  region size 1024K, 116 young (118784K), 10 survivors (10240K)
 Metaspace       used 96424K, capacity 98873K, committed 99148K, reserved 1134592K
  class space    used 12373K, capacity 13300K, committed 13388K, reserved 1048576K
}
Event: 17.967 GC heap after
{Heap after GC invocations=17 (full 0):
 garbage-first heap   total 260096K, used 85266K [0x0000000080000000, 0x0000000100000000)
  region size 1024K, 9 young (9216K), 9 survivors (9216K)
 Metaspace       used 96424K, capacity 98873K, committed 99148K, reserved 1134592K
  class space    used 12373K, capacity 13300K, committed 13388K, reserved 1048576K
}
Event: 19.377 GC heap before
{Heap before GC invocations=17 (full 0):
 garbage-first heap   total 260096K, used 185618K [0x0000000080000000, 0x0000000100000000)
  region size 1024K, 109 young (111616K), 9 survivors (9216K)
 Metaspace       used 108263K, capacity 111180K, committed 111276K, reserved 1144832K
  class space    used 14185K, capacity 15273K, committed 15308K, reserved 1048576K
}
Event: 19.387 GC heap after
{Heap after GC invocations=18 (full 0):
 garbage-first heap   total 260096K, used 87681K [0x0000000080000000, 0x0000000100000000)
  region size 1024K, 9 young (9216K), 9 survivors (9216K)
 Metaspace       used 108263K, capacity 111180K, committed 111276K, reserved 1144832K
  class space    used 14185K, capacity 15273K, committed 15308K, reserved 1048576K
}
Event: 19.841 GC heap before
{Heap before GC invocations=19 (full 0):
 garbage-first heap   total 260096K, used 148097K [0x0000000080000000, 0x0000000100000000)
  region size 1024K, 32 young (32768K), 9 survivors (9216K)
 Metaspace       used 110009K, capacity 112987K, committed 113272K, reserved 1146880K
  class space    used 14392K, capacity 15522K, committed 15564K, reserved 1048576K
}
Event: 19.850 GC heap after
{Heap after GC invocations=20 (full 0):
 garbage-first heap   total 260096K, used 117610K [0x0000000080000000, 0x0000000100000000)
  region size 1024K, 6 young (6144K), 6 survivors (6144K)
 Metaspace       used 110009K, capacity 112987K, committed 113272K, reserved 1146880K
  class space    used 14392K, capacity 15522K, committed 15564K, reserved 1048576K
}
Event: 274.235 GC heap before
{Heap before GC invocations=21 (full 0):
 garbage-first heap   total 260096K, used 231274K [0x0000000080000000, 0x0000000100000000)
  region size 1024K, 89 young (91136K), 6 survivors (6144K)
 Metaspace       used 111692K, capacity 114799K, committed 114936K, reserved 1148928K
  class space    used 14494K, capacity 15669K, committed 15692K, reserved 1048576K
}
Event: 274.239 GC heap after
{Heap after GC invocations=22 (full 0):
 garbage-first heap   total 260096K, used 90268K [0x0000000080000000, 0x0000000100000000)
  region size 1024K, 5 young (5120K), 5 survivors (5120K)
 Metaspace       used 111692K, capacity 114799K, committed 114936K, reserved 1148928K
  class space    used 14494K, capacity 15669K, committed 15692K, reserved 1048576K
}

