# JRE version: OpenJDK Runtime Environment (11.0.10) (build 11.0.10+0-b96-7249189)
# Java VM: OpenJDK 64-Bit Server VM (11.0.10+0-b96-7249189, mixed mode, tiered, compressed oops, g1 gc, windows-amd64)
Heap:
 garbage-first heap   total 260096K, used 83857K [0x0000000080000000, 0x0000000100000000)
  region size 1024K, 37 young (37888K), 13 survivors (13312K)
 Metaspace       used 70746K, capacity 72544K, committed 72740K, reserved 1112064K
  class space    used 9209K, capacity 9876K, committed 9984K, reserved 1048576K
GC Heap History (18 events):
Event: 0.848 GC heap before
{Heap before GC invocations=0 (full 0):
 garbage-first heap   total 260096K, used 29696K [0x0000000080000000, 0x0000000100000000)
  region size 1024K, 24 young (24576K), 0 survivors (0K)
 Metaspace       used 10159K, capacity 10403K, committed 10624K, reserved 1058816K
  class space    used 1059K, capacity 1106K, committed 1152K, reserved 1048576K
}
Event: 0.852 GC heap after
{Heap after GC invocations=1 (full 0):
 garbage-first heap   total 260096K, used 9363K [0x0000000080000000, 0x0000000100000000)
  region size 1024K, 3 young (3072K), 3 survivors (3072K)
 Metaspace       used 10159K, capacity 10403K, committed 10624K, reserved 1058816K
  class space    used 1059K, capacity 1106K, committed 1152K, reserved 1048576K
}
Event: 2.537 GC heap before
{Heap before GC invocations=1 (full 0):
 garbage-first heap   total 260096K, used 74899K [0x0000000080000000, 0x0000000100000000)
  region size 1024K, 67 young (68608K), 3 survivors (3072K)
 Metaspace       used 16759K, capacity 17182K, committed 17536K, reserved 1064960K
  class space    used 1919K, capacity 2055K, committed 2176K, reserved 1048576K
}
Event: 2.546 GC heap after
{Heap after GC invocations=2 (full 0):
 garbage-first heap   total 260096K, used 15599K [0x0000000080000000, 0x0000000100000000)
  region size 1024K, 9 young (9216K), 9 survivors (9216K)
 Metaspace       used 16759K, capacity 17182K, committed 17536K, reserved 1064960K
  class space    used 1919K, capacity 2055K, committed 2176K, reserved 1048576K
}
Event: 2.902 GC heap before
{Heap before GC invocations=2 (full 0):
 garbage-first heap   total 260096K, used 44271K [0x0000000080000000, 0x0000000100000000)
  region size 1024K, 39 young (39936K), 9 survivors (9216K)
 Metaspace       used 20498K, capacity 21113K, committed 21296K, reserved 1069056K
  class space    used 2482K, capacity 2665K, committed 2688K, reserved 1048576K
}
Event: 2.909 GC heap after
{Heap after GC invocations=3 (full 0):
 garbage-first heap   total 260096K, used 16971K [0x0000000080000000, 0x0000000100000000)
  region size 1024K, 2 young (2048K), 2 survivors (2048K)
 Metaspace       used 20498K, capacity 21113K, committed 21296K, reserved 1069056K
  class space    used 2482K, capacity 2665K, committed 2688K, reserved 1048576K
}
Event: 3.760 GC heap before
{Heap before GC invocations=4 (full 0):
 garbage-first heap   total 260096K, used 88651K [0x0000000080000000, 0x0000000100000000)
  region size 1024K, 68 young (69632K), 2 survivors (2048K)
 Metaspace       used 26981K, capacity 27751K, committed 27824K, reserved 1073152K
  class space    used 3546K, capacity 3811K, committed 3840K, reserved 1048576K
}
Event: 3.764 GC heap after
{Heap after GC invocations=5 (full 0):
 garbage-first heap   total 260096K, used 24692K [0x0000000080000000, 0x0000000100000000)
  region size 1024K, 4 young (4096K), 4 survivors (4096K)
 Metaspace       used 26981K, capacity 27751K, committed 27824K, reserved 1073152K
  class space    used 3546K, capacity 3811K, committed 3840K, reserved 1048576K
}
Event: 4.548 GC heap before
{Heap before GC invocations=5 (full 0):
 garbage-first heap   total 260096K, used 70772K [0x0000000080000000, 0x0000000100000000)
  region size 1024K, 50 young (51200K), 4 survivors (4096K)
 Metaspace       used 34698K, capacity 35658K, committed 35708K, reserved 1081344K
  class space    used 4515K, capacity 4852K, committed 4864K, reserved 1048576K
}
Event: 4.557 GC heap after
{Heap after GC invocations=6 (full 0):
 garbage-first heap   total 260096K, used 27779K [0x0000000080000000, 0x0000000100000000)
  region size 1024K, 7 young (7168K), 7 survivors (7168K)
 Metaspace       used 34698K, capacity 35658K, committed 35708K, reserved 1081344K
  class space    used 4515K, capacity 4852K, committed 4864K, reserved 1048576K
}
Event: 6.299 GC heap before
{Heap before GC invocations=7 (full 0):
 garbage-first heap   total 260096K, used 132227K [0x0000000080000000, 0x0000000100000000)
  region size 1024K, 106 young (108544K), 7 survivors (7168K)
 Metaspace       used 43272K, capacity 44337K, committed 44488K, reserved 1087488K
  class space    used 5516K, capacity 5906K, committed 6016K, reserved 1048576K
}
Event: 6.310 GC heap after
{Heap after GC invocations=8 (full 0):
 garbage-first heap   total 260096K, used 34390K [0x0000000080000000, 0x0000000100000000)
  region size 1024K, 14 young (14336K), 14 survivors (14336K)
 Metaspace       used 43272K, capacity 44337K, committed 44488K, reserved 1087488K
  class space    used 5516K, capacity 5906K, committed 6016K, reserved 1048576K
}
Event: 8.203 GC heap before
{Heap before GC invocations=8 (full 0):
 garbage-first heap   total 260096K, used 152150K [0x0000000080000000, 0x0000000100000000)
  region size 1024K, 125 young (128000K), 14 survivors (14336K)
 Metaspace       used 52355K, capacity 53839K, committed 53960K, reserved 1095680K
  class space    used 6695K, capacity 7212K, committed 7296K, reserved 1048576K
}
Event: 8.214 GC heap after
{Heap after GC invocations=9 (full 0):
 garbage-first heap   total 260096K, used 47651K [0x0000000080000000, 0x0000000100000000)
  region size 1024K, 16 young (16384K), 16 survivors (16384K)
 Metaspace       used 52355K, capacity 53839K, committed 53960K, reserved 1095680K
  class space    used 6695K, capacity 7212K, committed 7296K, reserved 1048576K
}
Event: 8.867 GC heap before
{Heap before GC invocations=9 (full 0):
 garbage-first heap   total 260096K, used 83491K [0x0000000080000000, 0x0000000100000000)
  region size 1024K, 52 young (53248K), 16 survivors (16384K)
 Metaspace       used 58412K, capacity 59919K, committed 60068K, reserved 1101824K
  class space    used 7410K, capacity 7955K, committed 8064K, reserved 1048576K
}
Event: 8.886 GC heap after
{Heap after GC invocations=10 (full 0):
 garbage-first heap   total 260096K, used 49893K [0x0000000080000000, 0x0000000100000000)
  region size 1024K, 13 young (13312K), 13 survivors (13312K)
 Metaspace       used 58412K, capacity 59919K, committed 60068K, reserved 1101824K
  class space    used 7410K, capacity 7955K, committed 8064K, reserved 1048576K
}
Event: 10.459 GC heap before
{Heap before GC invocations=11 (full 0):
 garbage-first heap   total 260096K, used 180965K [0x0000000080000000, 0x0000000100000000)
  region size 1024K, 141 young (144384K), 13 survivors (13312K)
 Metaspace       used 68645K, capacity 70305K, committed 70564K, reserved 1110016K
  class space    used 8883K, capacity 9473K, committed 9600K, reserved 1048576K
}
Event: 10.475 GC heap after
{Heap after GC invocations=12 (full 0):
 garbage-first heap   total 260096K, used 60305K [0x0000000080000000, 0x0000000100000000)
  region size 1024K, 13 young (13312K), 13 survivors (13312K)
 Metaspace       used 68645K, capacity 70305K, committed 70564K, reserved 1110016K
  class space    used 8883K, capacity 9473K, committed 9600K, reserved 1048576K
}

